VibTran/app/build/intermediates/manifest_merge_blame_file/debug/manifest-merger-blame-debug-report.txt
1<?xml version="1.0" encoding="utf-8"?>
2<manifest xmlns:android="http://schemas.android.com/apk/res/android"
3    package="com.example.vibtran"
4    android:versionCode="1"
5    android:versionName="1.0" >
6
7    <uses-sdk
8        android:minSdkVersion="16"
8-->src\main\AndroidManifest.xml
9        android:targetSdkVersion="30" />
9-->src\main\AndroidManifest.xml
10
11    <uses-permission android:name="android.permission.VIBRATE" />
11-->src\main\AndroidManifest.xml:4:5-66
11-->src\main\AndroidManifest.xml:4:22-63
12    <uses-permission android:name="android.permission.INTERNET" />
12-->src\main\AndroidManifest.xml:5:5-67
12-->src\main\AndroidManifest.xml:5:22-64
13
14    <!-- <uses-permission android:name="android.permission.ACCESS_NETWORK_STATE" /> -->
15    <application
15-->src\main\AndroidManifest.xml:7:5-31:19
16        android:allowBackup="true"
16-->src\main\AndroidManifest.xml:8:9-35
17        android:appComponentFactory="androidx.core.app.CoreComponentFactory"
17-->[androidx.core:core:1.3.1] AndroidManifest.xml:24:18-86
18        android:debuggable="true"
19        android:icon="@mipmap/ic_launcher"
19-->src\main\AndroidManifest.xml:10:9-43
20        android:label="@string/app_name"
20-->src\main\AndroidManifest.xml:11:9-41
21        android:roundIcon="@mipmap/ic_launcher_round"
21-->src\main\AndroidManifest.xml:12:9-54
22        android:supportsRtl="true"
22-->src\main\AndroidManifest.xml:13:9-35
23        android:testOnly="true"
24        android:theme="@style/Theme.VibTran"
24-->src\main\AndroidManifest.xml:14:9-45
25        android:usesCleartextTraffic="true" >
25-->src\main\AndroidManifest.xml:9:9-44
26        <activity android:name="com.example.vibtran.ReceiveActivity" />
26-->src\main\AndroidManifest.xml:16:9-62
26-->src\main\AndroidManifest.xml:16:19-50
27        <activity android:name="com.example.vibtran.SendActivity" />
27-->src\main\AndroidManifest.xml:17:9-50
27-->src\main\AndroidManifest.xml:17:19-47
28        <activity
28-->src\main\AndroidManifest.xml:18:9-21:64
29            android:name="com.example.vibtran.MainActivity"
29-->src\main\AndroidManifest.xml:19:13-41
30            android:label="@string/title_activity_main"
30-->src\main\AndroidManifest.xml:20:13-56
31            android:theme="@style/Theme.VibTran.NoActionBar" />
31-->src\main\AndroidManifest.xml:21:13-61
32        <activity
32-->src\main\AndroidManifest.xml:22:9-30:20
33            android:name="com.example.vibtran.ui.login.LoginActivity"
33-->src\main\AndroidManifest.xml:23:13-51
34            android:label="@string/app_name" >
34-->src\main\AndroidManifest.xml:24:13-45
35            <intent-filter>
35-->src\main\AndroidManifest.xml:25:13-29:29
36                <action android:name="android.intent.action.MAIN" />
36-->src\main\AndroidManifest.xml:26:17-69
36-->src\main\AndroidManifest.xml:26:25-66
37
38                <category android:name="android.intent.category.LAUNCHER" />
38-->src\main\AndroidManifest.xml:28:17-77
38-->src\main\AndroidManifest.xml:28:27-74
39            </intent-filter>
40        </activity>
41    </application>
42
43</manifest>